\BOOKMARK [1][-]{section.1}{\376\377\000I\000n\000t\000r\000o\000d\000u\000c\000t\000i\000o\000n}{}% 1
\BOOKMARK [1][-]{section.2}{\376\377\000T\000e\000c\000h\000n\000i\000c\000a\000l\000\040\000b\000a\000c\000k\000g\000r\000o\000u\000n\000d}{}% 2
\BOOKMARK [2][-]{subsection.2.1}{\376\377\000P\000o\000w\000e\000r\000\040\000O\000v\000e\000r\000\040\000E\000t\000h\000e\000r\000n\000e\000t\000\040\000\050\000P\000o\000E\000\051}{section.2}% 3
\BOOKMARK [2][-]{subsection.2.2}{\376\377\000R\000a\000s\000p\000b\000e\000r\000r\000y\000\040\000P\000i\000\040\000Z\000e\000r\000o}{section.2}% 4
\BOOKMARK [2][-]{subsection.2.3}{\376\377\000E\000t\000h\000e\000r\000n\000e\000t\0004\000p\000i\000-\000z\000e\000r\000o\000\040\000P\000o\000E}{section.2}% 5
\BOOKMARK [2][-]{subsection.2.4}{\376\377\000P\000o\000w\000e\000r\000m\000o\000d\000-\000t\000p\000s\0005\0004\0002\0006\0000}{section.2}% 6
\BOOKMARK [2][-]{subsection.2.5}{\376\377\000R\000J\0004\0005}{section.2}% 7
\BOOKMARK [2][-]{subsection.2.6}{\376\377\000S\000e\000n\000s\000i\000r\000i\000o\000n\000\040\000R\000J\0004\0005\000\040\000s\000e\000n\000s\000o\000r\000\040\000i\000n\000t\000e\000r\000f\000a\000c\000e}{section.2}% 8
\BOOKMARK [2][-]{subsection.2.7}{\376\377\000Y\000A\000N\000G}{section.2}% 9
\BOOKMARK [2][-]{subsection.2.8}{\376\377\000N\000E\000T\000C\000O\000N\000F}{section.2}% 10
\BOOKMARK [2][-]{subsection.2.9}{\376\377\000I\0002\000C}{section.2}% 11
\BOOKMARK [2][-]{subsection.2.10}{\376\377\000F\000i\000e\000l\000d\000\040\000P\000r\000o\000g\000r\000a\000m\000m\000a\000b\000l\000e\000\040\000G\000a\000t\000e\000\040\000A\000r\000r\000a\000y\000\040\000\050\000F\000P\000G\000A\000\051}{section.2}% 12
\BOOKMARK [2][-]{subsection.2.11}{\376\377\000X\000P\000a\000t\000h}{section.2}% 13
\BOOKMARK [2][-]{subsection.2.12}{\376\377\000G\000r\000a\000f\000a\000n\000a}{section.2}% 14
\BOOKMARK [1][-]{section.3}{\376\377\000L\000i\000g\000h\000t\000s\000i\000d\000e\000\040\000I\000n\000s\000t\000r\000u\000m\000e\000n\000t\000s}{}% 15
\BOOKMARK [2][-]{subsection.3.1}{\376\377\000U\000s\000e\000\040\000C\000a\000s\000e}{section.3}% 16
\BOOKMARK [1][-]{section.4}{\376\377\000D\000e\000s\000i\000g\000n}{}% 17
\BOOKMARK [2][-]{subsection.4.1}{\376\377\000H\000a\000r\000d\000w\000a\000r\000e}{section.4}% 18
\BOOKMARK [3][-]{subsubsection.4.1.1}{\376\377\000P\000h\000i\000l\000o\000s\000o\000p\000h\000y}{subsection.4.1}% 19
\BOOKMARK [3][-]{subsubsection.4.1.2}{\376\377\000I\000c\000e\0004\000p\000i\000\040\000F\000P\000G\000A}{subsection.4.1}% 20
\BOOKMARK [2][-]{subsection.4.2}{\376\377\000S\000o\000f\000t\000w\000a\000r\000e}{section.4}% 21
\BOOKMARK [3][-]{subsubsection.4.2.1}{\376\377\000Y\000A\000N\000G}{subsection.4.2}% 22
\BOOKMARK [3][-]{subsubsection.4.2.2}{\376\377\000N\000E\000T\000C\000O\000N\000F}{subsection.4.2}% 23
\BOOKMARK [3][-]{subsubsection.4.2.3}{\376\377\000G\000r\000a\000f\000a\000n\000a}{subsection.4.2}% 24
\BOOKMARK [1][-]{section.5}{\376\377\000S\000u\000m\000m\000a\000r\000y}{}% 25
\BOOKMARK [1][-]{section.5}{\376\377\000R\000e\000f\000e\000r\000e\000n\000c\000e\000s}{}% 26
